<?xml version="1.0" encoding="UTF-8"?>
<!-- Generated by org.testng.reporters.JUnitReportReporter -->
<testsuite hostname="sanjay" failures="0" tests="1" name="fernsNPetals.Gobal_USA.FNP_Global_flowUSA_007" time="33.386" errors="0" timestamp="07 May 2019 16:26:55 GMT" skipped="0">
  <testcase classname="fernsNPetals.Gobal_USA.FNP_Global_flowUSA_007" name="FNP_Global_flowUSA_007" time="33.386"/>
</testsuite> <!-- fernsNPetals.Gobal_USA.FNP_Global_flowUSA_007 -->
