<?xml version="1.0" encoding="UTF-8"?>
<!-- Generated by org.testng.reporters.JUnitReportReporter -->
<testsuite hostname="sanjay" failures="0" tests="1" name="fernsNPetals.Personalised.FNP_Personalized_016" time="17.177" errors="0" timestamp="06 May 2019 08:45:22 GMT" skipped="0">
  <testcase classname="fernsNPetals.Personalised.FNP_Personalized_016" name="FNP_Personalized_016" time="17.177"/>
</testsuite> <!-- fernsNPetals.Personalised.FNP_Personalized_016 -->
