<?xml version="1.0" encoding="UTF-8"?>
<!-- Generated by org.testng.reporters.JUnitReportReporter -->
<testsuite hostname="sanjay" failures="0" tests="1" name="fernsNPetals.PositiveTCs.functionalPositiveFlow" time="0.000" errors="0" timestamp="07 Apr 2019 11:08:09 GMT" skipped="1">
  <testcase classname="fernsNPetals.PositiveTCs.functionalPositiveFlow" name="positiveFlow" time="0.000">
    <skipped/>
  </testcase> <!-- positiveFlow -->
</testsuite> <!-- fernsNPetals.PositiveTCs.functionalPositiveFlow -->
