<?xml version="1.0" encoding="UTF-8"?>
<!-- Generated by org.testng.reporters.JUnitReportReporter -->
<testsuite hostname="sanjay" failures="0" tests="1" name="fernsNPetals.plants.Fnp_Plants_021" time="42.913" errors="0" timestamp="01 May 2019 08:05:53 GMT" skipped="0">
  <testcase classname="fernsNPetals.plants.Fnp_Plants_021" name="Fnp_Plants_021" time="42.913"/>
</testsuite> <!-- fernsNPetals.plants.Fnp_Plants_021 -->
