<?xml version="1.0" encoding="UTF-8"?>
<!-- Generated by org.testng.reporters.JUnitReportReporter -->
<testsuite hostname="sanjay" failures="0" tests="1" name="fernsNPetals.Login_Page.FNP_Login_TC_011" time="18.038" errors="0" timestamp="08 May 2019 10:13:49 GMT" skipped="0">
  <testcase classname="fernsNPetals.Login_Page.FNP_Login_TC_011" name="FNP_Login_TC_011" time="18.038"/>
</testsuite> <!-- fernsNPetals.Login_Page.FNP_Login_TC_011 -->
