<?xml version="1.0" encoding="UTF-8"?>
<!-- Generated by org.testng.reporters.JUnitReportReporter -->
<testsuite hostname="sanjay" failures="0" tests="1" name="fernsNPetals.plants.Fnp_Plants_003" time="12.000" errors="0" timestamp="29 Apr 2019 16:22:40 GMT" skipped="0">
  <testcase classname="fernsNPetals.plants.Fnp_Plants_003" name="Fnp_Plants_003" time="12.000"/>
</testsuite> <!-- fernsNPetals.plants.Fnp_Plants_003 -->
