<?xml version="1.0" encoding="UTF-8"?>
<!-- Generated by org.testng.reporters.JUnitReportReporter -->
<testsuite hostname="sanjay" failures="0" tests="1" name="fernsNPetals.plants.Fnp_Plants_011" time="23.399" errors="0" timestamp="04 Jun 2019 17:08:59 GMT" skipped="0">
  <testcase classname="fernsNPetals.plants.Fnp_Plants_011" name="Fnp_Plants_011" time="23.399"/>
</testsuite> <!-- fernsNPetals.plants.Fnp_Plants_011 -->
