<?xml version="1.0" encoding="UTF-8"?>
<!-- Generated by org.testng.reporters.JUnitReportReporter -->
<testsuite hostname="sanjay" failures="0" tests="1" name="fernsNPetals.plants.Fnp_Plants_031" time="48.705" errors="0" timestamp="05 Jun 2019 11:05:48 GMT" skipped="0">
  <testcase classname="fernsNPetals.plants.Fnp_Plants_031" name="Fnp_Plants_031" time="48.705"/>
</testsuite> <!-- fernsNPetals.plants.Fnp_Plants_031 -->
