<?xml version="1.0" encoding="UTF-8"?>
<!-- Generated by org.testng.reporters.JUnitReportReporter -->
<testsuite hostname="sanjay" failures="0" tests="1" name="Microsite.FunctionalPositiveFlow3" time="51.361" errors="0" timestamp="26 Apr 2019 16:39:16 GMT" skipped="0">
  <testcase classname="Microsite.FunctionalPositiveFlow3" name="FunctionalPositiveFlow3" time="51.361"/>
</testsuite> <!-- Microsite.FunctionalPositiveFlow3 -->
