<?xml version="1.0" encoding="UTF-8"?>
<!-- Generated by org.testng.reporters.JUnitReportReporter -->
<testsuite hostname="sanjay" failures="0" tests="1" name="fernsNPetals.plants.Fnp_Plants_025" time="45.420" errors="0" timestamp="02 May 2019 09:34:59 GMT" skipped="0">
  <testcase classname="fernsNPetals.plants.Fnp_Plants_025" name="Fnp_Plants_025" time="45.420"/>
</testsuite> <!-- fernsNPetals.plants.Fnp_Plants_025 -->
