<?xml version="1.0" encoding="UTF-8"?>
<!-- Generated by org.testng.reporters.JUnitReportReporter -->
<testsuite hostname="sanjay" failures="0" tests="1" name="fernsNPetals.plants.Fnp_Plants_004" time="14.373" errors="0" timestamp="02 May 2019 09:37:08 GMT" skipped="0">
  <testcase classname="fernsNPetals.plants.Fnp_Plants_004" name="Fnp_Plants_004" time="14.373"/>
</testsuite> <!-- fernsNPetals.plants.Fnp_Plants_004 -->
