<?xml version="1.0" encoding="UTF-8"?>
<!-- Generated by org.testng.reporters.JUnitReportReporter -->
<testsuite hostname="sanjay" failures="0" tests="1" name="fernsNPetals.Login_Page.FNP_FNP_Applications_002" time="10.056" errors="0" timestamp="07 May 2019 18:47:41 GMT" skipped="0">
  <testcase classname="fernsNPetals.Login_Page.FNP_FNP_Applications_002" name="FNP_FNP_Applications_002" time="10.056"/>
</testsuite> <!-- fernsNPetals.Login_Page.FNP_FNP_Applications_002 -->
