<?xml version="1.0" encoding="UTF-8"?>
<!-- Generated by org.testng.reporters.JUnitReportReporter -->
<testsuite hostname="sanjay" failures="0" tests="1" name="fernsNPetals.other.dropDown" time="16.797" errors="0" timestamp="02 May 2019 09:12:35 GMT" skipped="0">
  <testcase classname="fernsNPetals.other.dropDown" name="dropDown" time="16.797"/>
</testsuite> <!-- fernsNPetals.other.dropDown -->
