<?xml version="1.0" encoding="UTF-8"?>
<!-- Generated by org.testng.reporters.JUnitReportReporter -->
<testsuite hostname="sanjay" failures="0" tests="1" name="fernsNPetals.Login_Page.FNP_Login_TC_013" time="21.628" errors="0" timestamp="08 May 2019 11:02:12 GMT" skipped="0">
  <testcase classname="fernsNPetals.Login_Page.FNP_Login_TC_013" name="FNP_Login_TC_013" time="21.628"/>
</testsuite> <!-- fernsNPetals.Login_Page.FNP_Login_TC_013 -->
