<?xml version="1.0" encoding="UTF-8"?>
<!-- Generated by org.testng.reporters.JUnitReportReporter -->
<testsuite hostname="sanjay" failures="0" tests="1" name="fernsNPetals.Universalsearch.CalenderDate" time="14.947" errors="0" timestamp="30 Apr 2019 08:02:17 GMT" skipped="0">
  <testcase classname="fernsNPetals.Universalsearch.CalenderDate" name="selectdate" time="14.947"/>
</testsuite> <!-- fernsNPetals.Universalsearch.CalenderDate -->
