<?xml version="1.0" encoding="UTF-8"?>
<!-- Generated by org.testng.reporters.JUnitReportReporter -->
<testsuite hostname="sanjay" failures="0" tests="1" name="fernsNPetals.Currency.TC_02" time="20.673" errors="0" timestamp="02 May 2019 20:36:26 GMT" skipped="0">
  <testcase classname="fernsNPetals.Currency.TC_02" name="TC_02" time="20.673"/>
</testsuite> <!-- fernsNPetals.Currency.TC_02 -->
