<?xml version="1.0" encoding="UTF-8"?>
<!-- Generated by org.testng.reporters.JUnitReportReporter -->
<testsuite hostname="sanjay" failures="0" tests="1" name="fernsNPetals.Personalised.FNP_Personalized_003" time="15.964" errors="0" timestamp="03 May 2019 15:11:57 GMT" skipped="0">
  <testcase classname="fernsNPetals.Personalised.FNP_Personalized_003" name="FNP_Personalized_003" time="15.964"/>
</testsuite> <!-- fernsNPetals.Personalised.FNP_Personalized_003 -->
