<?xml version="1.0" encoding="UTF-8"?>
<!-- Generated by org.testng.reporters.JUnitReportReporter -->
<testsuite hostname="sanjay" failures="0" tests="1" name="fernsNPetals.plants.Fnp_Plants_013" time="25.461" errors="0" timestamp="30 Apr 2019 12:28:22 GMT" skipped="0">
  <testcase classname="fernsNPetals.plants.Fnp_Plants_013" name="Fnp_Plants_013" time="25.461"/>
</testsuite> <!-- fernsNPetals.plants.Fnp_Plants_013 -->
