<?xml version="1.0" encoding="UTF-8"?>
<!-- Generated by org.testng.reporters.JUnitReportReporter -->
<testsuite hostname="sanjay" failures="0" tests="1" name="fernsNPetals.plants.Fnp_Plants_020" time="44.885" errors="0" timestamp="30 Apr 2019 18:38:45 GMT" skipped="0">
  <testcase classname="fernsNPetals.plants.Fnp_Plants_020" name="Fnp_Plants_020" time="44.885"/>
</testsuite> <!-- fernsNPetals.plants.Fnp_Plants_020 -->
