<?xml version="1.0" encoding="UTF-8"?>
<!-- Generated by org.testng.reporters.JUnitReportReporter -->
<testsuite hostname="sanjay" failures="0" tests="1" name="fernsNPetals.Personalised.FNP_Personalized_026" time="39.350" errors="0" timestamp="06 May 2019 10:55:54 GMT" skipped="0">
  <testcase classname="fernsNPetals.Personalised.FNP_Personalized_026" name="FNP_Personalized_026" time="39.350"/>
</testsuite> <!-- fernsNPetals.Personalised.FNP_Personalized_026 -->
