<?xml version="1.0" encoding="UTF-8"?>
<!-- Generated by org.testng.reporters.JUnitReportReporter -->
<testsuite hostname="sanjay" failures="0" tests="1" name="fernsNPetals.plants.Fnp_Plants_022" time="52.709" errors="0" timestamp="05 Jun 2019 10:01:38 GMT" skipped="0">
  <testcase classname="fernsNPetals.plants.Fnp_Plants_022" name="Fnp_Plants_022" time="52.709"/>
</testsuite> <!-- fernsNPetals.plants.Fnp_Plants_022 -->
