<?xml version="1.0" encoding="UTF-8"?>
<!-- Generated by org.testng.reporters.JUnitReportReporter -->
<testsuite hostname="sanjay" failures="0" tests="1" name="fernsNPetals.Personalised.FNP_Personalized_009" time="23.378" errors="0" timestamp="05 May 2019 13:44:39 GMT" skipped="0">
  <testcase classname="fernsNPetals.Personalised.FNP_Personalized_009" name="FNP_Personalized_009" time="23.378"/>
</testsuite> <!-- fernsNPetals.Personalised.FNP_Personalized_009 -->
