<?xml version="1.0" encoding="UTF-8"?>
<!-- Generated by org.testng.reporters.JUnitReportReporter -->
<testsuite hostname="sanjay" failures="0" tests="1" name="fernsNPetals.AllFiltersInCategoryPage.TC_01" time="12.658" errors="0" timestamp="02 May 2019 15:55:55 GMT" skipped="0">
  <testcase classname="fernsNPetals.AllFiltersInCategoryPage.TC_01" name="TC_01" time="12.658"/>
</testsuite> <!-- fernsNPetals.AllFiltersInCategoryPage.TC_01 -->
