<?xml version="1.0" encoding="UTF-8"?>
<!-- Generated by org.testng.reporters.JUnitReportReporter -->
<testsuite hostname="sanjay" failures="0" tests="1" name="fernsNPetals.Currency.TC_01" time="11.152" errors="0" timestamp="02 May 2019 19:31:28 GMT" skipped="0">
  <testcase classname="fernsNPetals.Currency.TC_01" name="TC_01" time="11.152"/>
</testsuite> <!-- fernsNPetals.Currency.TC_01 -->
