<?xml version="1.0" encoding="UTF-8"?>
<!-- Generated by org.testng.reporters.JUnitReportReporter -->
<testsuite hostname="sanjay" failures="0" tests="3" name="fernsNPetals.datadrivenTCs.searchboxDDT" time="4.073" errors="0" timestamp="08 Apr 2019 15:03:36 GMT" skipped="0">
  <testcase classname="fernsNPetals.datadrivenTCs.searchboxDDT" name="searchbox" time="1.161"/>
  <testcase classname="fernsNPetals.datadrivenTCs.searchboxDDT" name="searchbox" time="1.564"/>
  <testcase classname="fernsNPetals.datadrivenTCs.searchboxDDT" name="searchbox" time="1.348"/>
</testsuite> <!-- fernsNPetals.datadrivenTCs.searchboxDDT -->
