<?xml version="1.0" encoding="UTF-8"?>
<!-- Generated by org.testng.reporters.JUnitReportReporter -->
<testsuite hostname="sanjay" failures="0" tests="2" name="fernsNPetals.Personalised.FNP_FNP_Application_001_002" time="15.539" errors="0" timestamp="03 May 2019 13:46:23 GMT" skipped="0">
  <testcase classname="fernsNPetals.Personalised.FNP_FNP_Application_001_002" name="Application_001" time="7.206"/>
  <testcase classname="fernsNPetals.Personalised.FNP_FNP_Application_001_002" name="Application_002" time="8.333"/>
</testsuite> <!-- fernsNPetals.Personalised.FNP_FNP_Application_001_002 -->
