<?xml version="1.0" encoding="UTF-8"?>
<!-- Generated by org.testng.reporters.JUnitReportReporter -->
<testsuite hostname="sanjay" failures="0" tests="1" name="fernsNPetals.Login_Page.FNP_Login_TC_003" time="11.387" errors="0" timestamp="07 May 2019 19:04:46 GMT" skipped="0">
  <testcase classname="fernsNPetals.Login_Page.FNP_Login_TC_003" name="FNP_Login_TC_003" time="11.387"/>
</testsuite> <!-- fernsNPetals.Login_Page.FNP_Login_TC_003 -->
