<?xml version="1.0" encoding="UTF-8"?>
<!-- Generated by org.testng.reporters.JUnitReportReporter -->
<testsuite hostname="sanjay" failures="0" tests="1" name="fernsNPetals.Personalised.FNP_Personalized_036" time="35.364" errors="0" timestamp="07 May 2019 10:19:12 GMT" skipped="0">
  <testcase classname="fernsNPetals.Personalised.FNP_Personalized_036" name="FNP_Personalized_036" time="35.364"/>
</testsuite> <!-- fernsNPetals.Personalised.FNP_Personalized_036 -->
