<?xml version="1.0" encoding="UTF-8"?>
<!-- Generated by org.testng.reporters.JUnitReportReporter -->
<testsuite hostname="sanjay" failures="0" tests="1" name="fernsNPetals.Personalised.FNP_Personalized_043" time="41.767" errors="0" timestamp="07 May 2019 10:49:56 GMT" skipped="0">
  <testcase classname="fernsNPetals.Personalised.FNP_Personalized_043" name="FNP_Personalized_043" time="41.767"/>
</testsuite> <!-- fernsNPetals.Personalised.FNP_Personalized_043 -->
