<?xml version="1.0" encoding="UTF-8"?>
<!-- Generated by org.testng.reporters.JUnitReportReporter -->
<testsuite hostname="sanjay" failures="0" tests="1" name="fernsNPetals.Personalised.FNP_Personalized_030" time="49.470" errors="0" timestamp="09 May 2019 10:23:37 GMT" skipped="0">
  <testcase classname="fernsNPetals.Personalised.FNP_Personalized_030" name="FNP_Personalized_030" time="49.470"/>
</testsuite> <!-- fernsNPetals.Personalised.FNP_Personalized_030 -->
