<?xml version="1.0" encoding="UTF-8"?>
<!-- Generated by org.testng.reporters.JUnitReportReporter -->
<testsuite hostname="sanjay" failures="0" tests="1" name="fernsNPetals.Personalised.FNP_Personalized_020" time="17.541" errors="0" timestamp="06 May 2019 09:41:40 GMT" skipped="0">
  <testcase classname="fernsNPetals.Personalised.FNP_Personalized_020" name="FNP_Personalized_020" time="17.541"/>
</testsuite> <!-- fernsNPetals.Personalised.FNP_Personalized_020 -->
