<?xml version="1.0" encoding="UTF-8"?>
<!-- Generated by org.testng.reporters.JUnitReportReporter -->
<testsuite hostname="sanjay" failures="0" tests="1" name="fernsNPetals.Microsite.TC_03" time="54.613" errors="0" timestamp="29 Apr 2019 15:38:19 GMT" skipped="0">
  <testcase classname="fernsNPetals.Microsite.TC_03" name="FunctionalPositiveFlow3" time="54.613"/>
</testsuite> <!-- fernsNPetals.Microsite.TC_03 -->
