<?xml version="1.0" encoding="UTF-8"?>
<!-- Generated by org.testng.reporters.JUnitReportReporter -->
<testsuite hostname="sanjay" failures="0" tests="1" name="fernsNPetals.plants.Fnp_Plants_024" time="44.250" errors="0" timestamp="01 May 2019 10:18:11 GMT" skipped="0">
  <testcase classname="fernsNPetals.plants.Fnp_Plants_024" name="Fnp_Plants_024" time="44.250"/>
</testsuite> <!-- fernsNPetals.plants.Fnp_Plants_024 -->
