<?xml version="1.0" encoding="UTF-8"?>
<!-- Generated by org.testng.reporters.JUnitReportReporter -->
<testsuite hostname="sanjay" failures="0" tests="1" name="fernsNPetals.Login_Page.FNP_Login_TC_020" time="23.894" errors="0" timestamp="08 May 2019 15:56:35 GMT" skipped="0">
  <testcase classname="fernsNPetals.Login_Page.FNP_Login_TC_020" name="FNP_Login_TC_020" time="23.894"/>
</testsuite> <!-- fernsNPetals.Login_Page.FNP_Login_TC_020 -->
