<?xml version="1.0" encoding="UTF-8"?>
<!-- Generated by org.testng.reporters.JUnitReportReporter -->
<testsuite hostname="sanjay" failures="0" tests="1" name="fernsNPetals.plants.Fnp_Plants_025" time="46.880" errors="0" timestamp="05 Jun 2019 10:31:10 GMT" skipped="0">
  <testcase classname="fernsNPetals.plants.Fnp_Plants_025" name="Fnp_Plants_025" time="46.880"/>
</testsuite> <!-- fernsNPetals.plants.Fnp_Plants_025 -->
