<?xml version="1.0" encoding="UTF-8"?>
<!-- Generated by org.testng.reporters.JUnitReportReporter -->
<testsuite hostname="sanjay" failures="0" tests="1" name="fernsNPetals.plants.Fnp_Plants_007" time="200.996" errors="0" timestamp="29 Apr 2019 23:10:51 GMT" skipped="0">
  <testcase classname="fernsNPetals.plants.Fnp_Plants_007" name="Fnp_Plants_007" time="200.996"/>
</testsuite> <!-- fernsNPetals.plants.Fnp_Plants_007 -->
