<?xml version="1.0" encoding="UTF-8"?>
<!-- Generated by org.testng.reporters.JUnitReportReporter -->
<testsuite hostname="sanjay" failures="0" tests="1" name="fernsNPetals.other.CurrentDate" time="0.070" errors="0" timestamp="13 Apr 2019 14:11:31 GMT" skipped="0">
  <testcase classname="fernsNPetals.other.CurrentDate" name="after2days" time="0.070"/>
</testsuite> <!-- fernsNPetals.other.CurrentDate -->
