<?xml version="1.0" encoding="UTF-8"?>
<!-- Generated by org.testng.reporters.JUnitReportReporter -->
<testsuite hostname="sanjay" failures="0" tests="3" name="fernsNPetals.datadrivenTCs.searchboxDDT" time="3.926" errors="0" timestamp="31 May 2019 12:08:34 GMT" skipped="0">
  <testcase classname="fernsNPetals.datadrivenTCs.searchboxDDT" name="searchbox" time="1.340"/>
  <testcase classname="fernsNPetals.datadrivenTCs.searchboxDDT" name="searchbox" time="1.189"/>
  <testcase classname="fernsNPetals.datadrivenTCs.searchboxDDT" name="searchbox" time="1.397"/>
</testsuite> <!-- fernsNPetals.datadrivenTCs.searchboxDDT -->
