<?xml version="1.0" encoding="UTF-8"?>
<!-- Generated by org.testng.reporters.JUnitReportReporter -->
<testsuite hostname="sanjay" failures="0" tests="1" name="Microsite.FunctionalPositiveFlow2" time="39.003" errors="0" timestamp="26 Apr 2019 11:12:33 GMT" skipped="0">
  <testcase classname="Microsite.FunctionalPositiveFlow2" name="FunctionalPositiveFlow2" time="39.003"/>
</testsuite> <!-- Microsite.FunctionalPositiveFlow2 -->
