<?xml version="1.0" encoding="UTF-8"?>
<!-- Generated by org.testng.reporters.JUnitReportReporter -->
<testsuite hostname="sanjay" failures="0" tests="1" name="fernsNPetals.AllFiltersInCategoryPage.TC_02" time="20.046" errors="0" timestamp="02 May 2019 15:59:41 GMT" skipped="0">
  <testcase classname="fernsNPetals.AllFiltersInCategoryPage.TC_02" name="TC_02" time="20.046"/>
</testsuite> <!-- fernsNPetals.AllFiltersInCategoryPage.TC_02 -->
