<?xml version="1.0" encoding="UTF-8"?>
<!-- Generated by org.testng.reporters.JUnitReportReporter -->
<testsuite hostname="sanjay" failures="0" tests="1" name="fernsNPetals.plants.Fnp_Plants_026" time="43.395" errors="0" timestamp="01 May 2019 13:16:51 GMT" skipped="0">
  <testcase classname="fernsNPetals.plants.Fnp_Plants_026" name="Fnp_Plants_026" time="43.395"/>
</testsuite> <!-- fernsNPetals.plants.Fnp_Plants_026 -->
