<?xml version="1.0" encoding="UTF-8"?>
<!-- Generated by org.testng.reporters.JUnitReportReporter -->
<testsuite hostname="sanjay" failures="0" tests="1" name="fernsNPetals.Login_Page.FNP_FNP_Applications_001" time="9.811" errors="0" timestamp="07 May 2019 18:44:12 GMT" skipped="0">
  <testcase classname="fernsNPetals.Login_Page.FNP_FNP_Applications_001" name="FNP_FNP_Applications_001" time="9.811"/>
</testsuite> <!-- fernsNPetals.Login_Page.FNP_FNP_Applications_001 -->
