<?xml version="1.0" encoding="UTF-8"?>
<!-- Generated by org.testng.reporters.JUnitReportReporter -->
<testsuite hostname="sanjay" failures="0" tests="1" name="fernsNPetals.Currency.TC_04" time="33.156" errors="0" timestamp="03 May 2019 12:20:05 GMT" skipped="0">
  <testcase classname="fernsNPetals.Currency.TC_04" name="TC_04" time="33.156"/>
</testsuite> <!-- fernsNPetals.Currency.TC_04 -->
