<?xml version="1.0" encoding="UTF-8"?>
<!-- Generated by org.testng.reporters.JUnitReportReporter -->
<testsuite hostname="sanjay" failures="0" tests="2" name="fernsNPetals.other.loggerTest" time="15.134" errors="0" timestamp="15 Apr 2019 18:01:10 GMT" skipped="0">
  <testcase classname="fernsNPetals.other.loggerTest" name="freeCrmTitleTest" time="6.161"/>
  <testcase classname="fernsNPetals.other.loggerTest" name="freemCRMLogoTest" time="8.973"/>
</testsuite> <!-- fernsNPetals.other.loggerTest -->
