<?xml version="1.0" encoding="UTF-8"?>
<!-- Generated by org.testng.reporters.JUnitReportReporter -->
<testsuite hostname="sanjay" failures="0" tests="1" name="fernsNPetals.Personalised.FNP_Personalized_010" time="17.680" errors="0" timestamp="05 May 2019 13:50:37 GMT" skipped="0">
  <testcase classname="fernsNPetals.Personalised.FNP_Personalized_010" name="FNP_Personalized_010" time="17.680"/>
</testsuite> <!-- fernsNPetals.Personalised.FNP_Personalized_010 -->
