<?xml version="1.0" encoding="UTF-8"?>
<!-- Generated by org.testng.reporters.JUnitReportReporter -->
<testsuite hostname="sanjay" failures="0" tests="1" name="fernsNPetals.plants.FNP_FNP_Application_001" time="7.290" errors="0" timestamp="27 Apr 2019 10:04:49 GMT" skipped="0">
  <testcase classname="fernsNPetals.plants.FNP_FNP_Application_001" name="launchfnp" time="7.290"/>
</testsuite> <!-- fernsNPetals.plants.FNP_FNP_Application_001 -->
