<?xml version="1.0" encoding="UTF-8"?>
<!-- Generated by org.testng.reporters.JUnitReportReporter -->
<testsuite hostname="sanjay" failures="0" tests="1" name="fernsNPetals.Personalised.FNP_Personalized_017" time="18.542" errors="0" timestamp="06 May 2019 08:51:58 GMT" skipped="0">
  <testcase classname="fernsNPetals.Personalised.FNP_Personalized_017" name="FNP_Personalized_017" time="18.542"/>
</testsuite> <!-- fernsNPetals.Personalised.FNP_Personalized_017 -->
