<?xml version="1.0" encoding="UTF-8"?>
<!-- Generated by org.testng.reporters.JUnitReportReporter -->
<testsuite hostname="sanjay" failures="0" tests="1" name="fernsNPetals.plants.Fnp_Plants_036" time="49.230" errors="0" timestamp="05 Jun 2019 11:28:20 GMT" skipped="0">
  <testcase classname="fernsNPetals.plants.Fnp_Plants_036" name="Fnp_Plants_036" time="49.230"/>
</testsuite> <!-- fernsNPetals.plants.Fnp_Plants_036 -->
