<?xml version="1.0" encoding="UTF-8"?>
<!-- Generated by org.testng.reporters.JUnitReportReporter -->
<testsuite hostname="sanjay" failures="0" tests="1" name="fernsNPetals.plants.FNP_FNP_Application_002" time="9.621" errors="0" timestamp="04 Jun 2019 13:39:32 GMT" skipped="0">
  <testcase classname="fernsNPetals.plants.FNP_FNP_Application_002" name="validationHopePage" time="9.621"/>
</testsuite> <!-- fernsNPetals.plants.FNP_FNP_Application_002 -->
