<?xml version="1.0" encoding="UTF-8"?>
<!-- Generated by org.testng.reporters.JUnitReportReporter -->
<testsuite hostname="sanjay" failures="0" tests="1" name="fernsNPetals.Gobal_USA.FNP_Global_flowUSA_005" time="23.101" errors="0" timestamp="07 May 2019 15:15:23 GMT" skipped="0">
  <testcase classname="fernsNPetals.Gobal_USA.FNP_Global_flowUSA_005" name="FNP_Global_flowUSA_005" time="23.101"/>
</testsuite> <!-- fernsNPetals.Gobal_USA.FNP_Global_flowUSA_005 -->
