<?xml version="1.0" encoding="UTF-8"?>
<!-- Generated by org.testng.reporters.JUnitReportReporter -->
<testsuite hostname="sanjay" failures="0" tests="1" name="fernsNPetals.plants.Fnp_Plants_006" time="30.176" errors="0" timestamp="29 Apr 2019 21:28:05 GMT" skipped="0">
  <testcase classname="fernsNPetals.plants.Fnp_Plants_006" name="Fnp_Plants_006" time="30.176"/>
</testsuite> <!-- fernsNPetals.plants.Fnp_Plants_006 -->
