<?xml version="1.0" encoding="UTF-8"?>
<!-- Generated by org.testng.reporters.JUnitReportReporter -->
<testsuite hostname="sanjay" failures="0" tests="1" name="fernsNPetals.Personalised.FNP_Personalized_014" time="43.275" errors="0" timestamp="05 May 2019 17:26:17 GMT" skipped="0">
  <testcase classname="fernsNPetals.Personalised.FNP_Personalized_014" name="FNP_Personalized_014" time="43.275"/>
</testsuite> <!-- fernsNPetals.Personalised.FNP_Personalized_014 -->
