<?xml version="1.0" encoding="UTF-8"?>
<!-- Generated by org.testng.reporters.JUnitReportReporter -->
<testsuite hostname="sanjay" failures="0" tests="1" name="fernsNPetals.MyAccount.FNP_MyAccount_TC_005" time="32.095" errors="0" timestamp="08 May 2019 21:39:12 GMT" skipped="0">
  <testcase classname="fernsNPetals.MyAccount.FNP_MyAccount_TC_005" name="FNP_MyAccount_TC_005" time="32.095"/>
</testsuite> <!-- fernsNPetals.MyAccount.FNP_MyAccount_TC_005 -->
