<?xml version="1.0" encoding="UTF-8"?>
<!-- Generated by org.testng.reporters.JUnitReportReporter -->
<testsuite hostname="sanjay" failures="0" tests="1" name="fernsNPetals.Login_Page.FNP_Login_TC_022" time="55.896" errors="0" timestamp="08 May 2019 16:27:58 GMT" skipped="0">
  <testcase classname="fernsNPetals.Login_Page.FNP_Login_TC_022" name="FNP_Login_TC_022" time="55.896"/>
</testsuite> <!-- fernsNPetals.Login_Page.FNP_Login_TC_022 -->
