<?xml version="1.0" encoding="UTF-8"?>
<!-- Generated by org.testng.reporters.JUnitReportReporter -->
<testsuite hostname="sanjay" failures="0" tests="1" name="fernsNPetals.PositiveTCs.functionalPositiveFlow" time="48.220" errors="0" timestamp="17 Apr 2019 05:29:27 GMT" skipped="0">
  <testcase classname="fernsNPetals.PositiveTCs.functionalPositiveFlow" name="positiveFlow" time="48.220"/>
</testsuite> <!-- fernsNPetals.PositiveTCs.functionalPositiveFlow -->
