<?xml version="1.0" encoding="UTF-8"?>
<!-- Generated by org.testng.reporters.JUnitReportReporter -->
<testsuite hostname="sanjay" failures="0" tests="1" name="fernsNPetals.other.tc1" time="14.941" errors="0" timestamp="17 Apr 2019 05:54:54 GMT" skipped="0">
  <testcase classname="fernsNPetals.other.tc1" name="test1" time="14.941"/>
</testsuite> <!-- fernsNPetals.other.tc1 -->
