<?xml version="1.0" encoding="UTF-8"?>
<!-- Generated by org.testng.reporters.JUnitReportReporter -->
<testsuite hostname="sanjay" failures="0" tests="1" name="fernsNPetals.Personalised.FNP_Personalized_004" time="20.635" errors="0" timestamp="03 May 2019 15:57:44 GMT" skipped="0">
  <testcase classname="fernsNPetals.Personalised.FNP_Personalized_004" name="FNP_Personalized_004" time="20.635"/>
</testsuite> <!-- fernsNPetals.Personalised.FNP_Personalized_004 -->
