<?xml version="1.0" encoding="UTF-8"?>
<!-- Generated by org.testng.reporters.JUnitReportReporter -->
<testsuite hostname="sanjay" failures="0" tests="1" name="fernsNPetals.Personalised.FNP_Personalized_011" time="34.839" errors="0" timestamp="05 May 2019 15:45:30 GMT" skipped="0">
  <testcase classname="fernsNPetals.Personalised.FNP_Personalized_011" name="FNP_Personalized_011" time="34.839"/>
</testsuite> <!-- fernsNPetals.Personalised.FNP_Personalized_011 -->
