<?xml version="1.0" encoding="UTF-8"?>
<!-- Generated by org.testng.reporters.JUnitReportReporter -->
<testsuite hostname="sanjay" failures="0" tests="1" name="fernsNPetals.Personalised.FNP_Personalized_012" time="35.359" errors="0" timestamp="05 May 2019 16:00:10 GMT" skipped="0">
  <testcase classname="fernsNPetals.Personalised.FNP_Personalized_012" name="FNP_Personalized_012" time="35.359"/>
</testsuite> <!-- fernsNPetals.Personalised.FNP_Personalized_012 -->
