<?xml version="1.0" encoding="UTF-8"?>
<!-- Generated by org.testng.reporters.JUnitReportReporter -->
<testsuite hostname="sanjay" failures="0" tests="1" name="fernsNPetals.plants.Fnp_Plants_010" time="16.886" errors="0" timestamp="30 Apr 2019 01:18:04 GMT" skipped="0">
  <testcase classname="fernsNPetals.plants.Fnp_Plants_010" name="Fnp_Plants_010" time="16.886"/>
</testsuite> <!-- fernsNPetals.plants.Fnp_Plants_010 -->
