<?xml version="1.0" encoding="UTF-8"?>
<!-- Generated by org.testng.reporters.JUnitReportReporter -->
<testsuite hostname="sanjay" failures="0" tests="1" name="fernsNPetals.plants.Fnp_Plants_032" time="48.904" errors="0" timestamp="01 May 2019 13:52:35 GMT" skipped="0">
  <testcase classname="fernsNPetals.plants.Fnp_Plants_032" name="Fnp_Plants_032" time="48.904"/>
</testsuite> <!-- fernsNPetals.plants.Fnp_Plants_032 -->
