<?xml version="1.0" encoding="UTF-8"?>
<!-- Generated by org.testng.reporters.JUnitReportReporter -->
<testsuite hostname="sanjay" failures="0" tests="1" name="fernsNPetals.plants.Fnp_Plants_028" time="46.143" errors="0" timestamp="01 May 2019 13:21:29 GMT" skipped="0">
  <testcase classname="fernsNPetals.plants.Fnp_Plants_028" name="Fnp_Plants_028" time="46.143"/>
</testsuite> <!-- fernsNPetals.plants.Fnp_Plants_028 -->
