<?xml version="1.0" encoding="UTF-8"?>
<!-- Generated by org.testng.reporters.JUnitReportReporter -->
<testsuite hostname="sanjay" failures="0" tests="1" name="Microsite.functionalPositiveFlow1" time="40.603" errors="0" timestamp="26 Apr 2019 10:57:48 GMT" skipped="0">
  <testcase classname="Microsite.functionalPositiveFlow1" name="functionalPositiveFlow1" time="40.603"/>
</testsuite> <!-- Microsite.functionalPositiveFlow1 -->
