<?xml version="1.0" encoding="UTF-8"?>
<!-- Generated by org.testng.reporters.JUnitReportReporter -->
<testsuite hostname="sanjay" failures="0" tests="1" name="fernsNPetals.plants.Fnp_Plants_006" time="29.999" errors="0" timestamp="06 Jun 2019 12:23:48 GMT" skipped="0">
  <testcase classname="fernsNPetals.plants.Fnp_Plants_006" name="Fnp_Plants_006" time="29.999"/>
</testsuite> <!-- fernsNPetals.plants.Fnp_Plants_006 -->
