<?xml version="1.0" encoding="UTF-8"?>
<!-- Generated by org.testng.reporters.JUnitReportReporter -->
<testsuite hostname="sanjay" failures="0" tests="1" name="fernsNPetals.Personalised.FNP_Personalized_022" time="28.331" errors="0" timestamp="06 May 2019 10:25:39 GMT" skipped="0">
  <testcase classname="fernsNPetals.Personalised.FNP_Personalized_022" name="FNP_Personalized_022" time="28.331"/>
</testsuite> <!-- fernsNPetals.Personalised.FNP_Personalized_022 -->
