<?xml version="1.0" encoding="UTF-8"?>
<!-- Generated by org.testng.reporters.JUnitReportReporter -->
<testsuite hostname="sanjay" failures="0" tests="1" name="fernsNPetals.other.tc2" time="7.680" errors="0" timestamp="08 Apr 2019 14:52:03 GMT" skipped="0">
  <testcase classname="fernsNPetals.other.tc2" name="test2" time="7.680"/>
</testsuite> <!-- fernsNPetals.other.tc2 -->
