<?xml version="1.0" encoding="UTF-8"?>
<!-- Generated by org.testng.reporters.JUnitReportReporter -->
<testsuite hostname="sanjay" failures="0" tests="1" name="fernsNPetals.plants.Fnp_Plants_029" time="47.992" errors="0" timestamp="01 May 2019 13:24:48 GMT" skipped="0">
  <testcase classname="fernsNPetals.plants.Fnp_Plants_029" name="Fnp_Plants_029" time="47.992"/>
</testsuite> <!-- fernsNPetals.plants.Fnp_Plants_029 -->
