<?xml version="1.0" encoding="UTF-8"?>
<!-- Generated by org.testng.reporters.JUnitReportReporter -->
<testsuite hostname="sanjay" failures="0" tests="1" name="fernsNPetals.Personalised.FNP_Personalized_035" time="15.684" errors="0" timestamp="07 May 2019 10:07:26 GMT" skipped="0">
  <testcase classname="fernsNPetals.Personalised.FNP_Personalized_035" name="FNP_Personalized_035" time="15.684"/>
</testsuite> <!-- fernsNPetals.Personalised.FNP_Personalized_035 -->
