<?xml version="1.0" encoding="UTF-8"?>
<!-- Generated by org.testng.reporters.JUnitReportReporter -->
<testsuite hostname="sanjay" failures="0" tests="1" name="fernsNPetals.Personalised.FNP_Personalized_031" time="47.182" errors="0" timestamp="07 May 2019 09:20:50 GMT" skipped="0">
  <testcase classname="fernsNPetals.Personalised.FNP_Personalized_031" name="FNP_Personalized_031" time="47.182"/>
</testsuite> <!-- fernsNPetals.Personalised.FNP_Personalized_031 -->
