<?xml version="1.0" encoding="UTF-8"?>
<!-- Generated by org.testng.reporters.JUnitReportReporter -->
<testsuite hostname="sanjay" failures="0" tests="1" name="fernsNPetals.NegativeTCs.functionalNegativeFlow" time="59.873" errors="0" timestamp="08 Apr 2019 15:05:37 GMT" skipped="0">
  <testcase classname="fernsNPetals.NegativeTCs.functionalNegativeFlow" name="negativeFlow" time="59.873"/>
</testsuite> <!-- fernsNPetals.NegativeTCs.functionalNegativeFlow -->
