<?xml version="1.0" encoding="UTF-8"?>
<!-- Generated by org.testng.reporters.JUnitReportReporter -->
<testsuite hostname="sanjay" failures="0" tests="1" name="fernsNPetals.Personalised.FNP_Personalized_013" time="43.115" errors="0" timestamp="05 May 2019 16:04:15 GMT" skipped="0">
  <testcase classname="fernsNPetals.Personalised.FNP_Personalized_013" name="FNP_Personalized_013" time="43.115"/>
</testsuite> <!-- fernsNPetals.Personalised.FNP_Personalized_013 -->
