<?xml version="1.0" encoding="UTF-8"?>
<!-- Generated by org.testng.reporters.JUnitReportReporter -->
<testsuite hostname="sanjay" failures="0" tests="1" name="fernsNPetals.Personalised.FNP_Personalized_005" time="18.504" errors="0" timestamp="03 May 2019 16:08:46 GMT" skipped="0">
  <testcase classname="fernsNPetals.Personalised.FNP_Personalized_005" name="FNP_Personalized_005" time="18.504"/>
</testsuite> <!-- fernsNPetals.Personalised.FNP_Personalized_005 -->
