<?xml version="1.0" encoding="UTF-8"?>
<!-- Generated by org.testng.reporters.JUnitReportReporter -->
<testsuite hostname="sanjay" failures="0" tests="1" name="fernsNPetals.Personalised.FNP_Personalized_007" time="41.569" errors="0" timestamp="05 May 2019 10:06:54 GMT" skipped="0">
  <testcase classname="fernsNPetals.Personalised.FNP_Personalized_007" name="FNP_Personalized_007" time="41.569"/>
</testsuite> <!-- fernsNPetals.Personalised.FNP_Personalized_007 -->
