<?xml version="1.0" encoding="UTF-8"?>
<!-- Generated by org.testng.reporters.JUnitReportReporter -->
<testsuite hostname="sanjay" failures="0" tests="1" name="fernsNPetals.plants.Fnp_Plants_012" time="31.247" errors="0" timestamp="04 Jun 2019 17:26:43 GMT" skipped="0">
  <testcase classname="fernsNPetals.plants.Fnp_Plants_012" name="Fnp_Plants_012" time="31.247"/>
</testsuite> <!-- fernsNPetals.plants.Fnp_Plants_012 -->
