<?xml version="1.0" encoding="UTF-8"?>
<!-- Generated by org.testng.reporters.JUnitReportReporter -->
<testsuite hostname="sanjay" failures="0" tests="1" name="fernsNPetals.Personalised.FNP_Personalized_006" time="36.624" errors="0" timestamp="04 May 2019 14:27:33 GMT" skipped="0">
  <testcase classname="fernsNPetals.Personalised.FNP_Personalized_006" name="FNP_Personalized_006" time="36.624"/>
</testsuite> <!-- fernsNPetals.Personalised.FNP_Personalized_006 -->
