<?xml version="1.0" encoding="UTF-8"?>
<!-- Generated by org.testng.reporters.JUnitReportReporter -->
<testsuite hostname="sanjay" failures="0" tests="1" name="fernsNPetals.Personalised.FNP_Personalized_021" time="32.655" errors="0" timestamp="06 May 2019 10:13:59 GMT" skipped="0">
  <testcase classname="fernsNPetals.Personalised.FNP_Personalized_021" name="Fnp_Plants_021" time="32.655"/>
</testsuite> <!-- fernsNPetals.Personalised.FNP_Personalized_021 -->
