<?xml version="1.0" encoding="UTF-8"?>
<!-- Generated by org.testng.reporters.JUnitReportReporter -->
<testsuite hostname="sanjay" failures="0" tests="1" name="fernsNPetals.Personalised.FNP_Personalized_037" time="16.493" errors="0" timestamp="07 May 2019 10:23:47 GMT" skipped="0">
  <testcase classname="fernsNPetals.Personalised.FNP_Personalized_037" name="FNP_Personalized_037" time="16.493"/>
</testsuite> <!-- fernsNPetals.Personalised.FNP_Personalized_037 -->
