<?xml version="1.0" encoding="UTF-8"?>
<!-- Generated by org.testng.reporters.JUnitReportReporter -->
<testsuite hostname="sanjay" failures="0" tests="1" name="fernsNPetals.Personalised.FNP_Personalized_008" time="44.739" errors="0" timestamp="05 May 2019 10:36:19 GMT" skipped="0">
  <testcase classname="fernsNPetals.Personalised.FNP_Personalized_008" name="FNP_Personalized_008" time="44.739"/>
</testsuite> <!-- fernsNPetals.Personalised.FNP_Personalized_008 -->
