<?xml version="1.0" encoding="UTF-8"?>
<!-- Generated by org.testng.reporters.JUnitReportReporter -->
<testsuite hostname="sanjay" failures="0" tests="1" name="fernsNPetals.Currency.TC_05" time="39.158" errors="0" timestamp="03 May 2019 12:43:43 GMT" skipped="0">
  <testcase classname="fernsNPetals.Currency.TC_05" name="TC_05" time="39.158"/>
</testsuite> <!-- fernsNPetals.Currency.TC_05 -->
