<?xml version="1.0" encoding="UTF-8"?>
<!-- Generated by org.testng.reporters.JUnitReportReporter -->
<testsuite hostname="sanjay" failures="0" tests="1" name="fernsNPetals.AllFiltersInCategoryPage.TC_03" time="47.237" errors="0" timestamp="02 May 2019 18:17:06 GMT" skipped="0">
  <testcase classname="fernsNPetals.AllFiltersInCategoryPage.TC_03" name="TC_03" time="47.237"/>
</testsuite> <!-- fernsNPetals.AllFiltersInCategoryPage.TC_03 -->
