<?xml version="1.0" encoding="UTF-8"?>
<!-- Generated by org.testng.reporters.JUnitReportReporter -->
<testsuite hostname="sanjay" failures="0" tests="1" name="fernsNPetals.plants.Fnp_Plants_004" time="16.571" errors="0" timestamp="04 Jun 2019 15:57:05 GMT" skipped="0">
  <testcase classname="fernsNPetals.plants.Fnp_Plants_004" name="Fnp_Plants_004" time="16.571"/>
</testsuite> <!-- fernsNPetals.plants.Fnp_Plants_004 -->
