<?xml version="1.0" encoding="UTF-8"?>
<!-- Generated by org.testng.reporters.JUnitReportReporter -->
<testsuite hostname="sanjay" failures="0" tests="1" name="fernsNPetals.datadrivenTCs.searchboxDDT" time="0.000" errors="0" timestamp="07 Apr 2019 11:08:09 GMT" skipped="1">
  <testcase classname="fernsNPetals.datadrivenTCs.searchboxDDT" name="searchbox" time="0.000">
    <skipped/>
  </testcase> <!-- searchbox -->
</testsuite> <!-- fernsNPetals.datadrivenTCs.searchboxDDT -->
