<?xml version="1.0" encoding="UTF-8"?>
<!-- Generated by org.testng.reporters.JUnitReportReporter -->
<testsuite hostname="sanjay" failures="0" tests="1" name="fernsNPetals.Currency.TC_01" time="11.122" errors="0" timestamp="04 Jun 2019 09:19:21 GMT" skipped="0">
  <testcase classname="fernsNPetals.Currency.TC_01" name="TC_01" time="11.122"/>
</testsuite> <!-- fernsNPetals.Currency.TC_01 -->
