<?xml version="1.0" encoding="UTF-8"?>
<!-- Generated by org.testng.reporters.JUnitReportReporter -->
<testsuite hostname="sanjay" failures="0" tests="1" name="fernsNPetals.Gobal_USA.FNP_Global_flowUSA_009" time="34.126" errors="0" timestamp="07 May 2019 18:28:14 GMT" skipped="0">
  <testcase classname="fernsNPetals.Gobal_USA.FNP_Global_flowUSA_009" name="FNP_Global_flowUSA_009" time="34.126"/>
</testsuite> <!-- fernsNPetals.Gobal_USA.FNP_Global_flowUSA_009 -->
