<?xml version="1.0" encoding="UTF-8"?>
<!-- Generated by org.testng.reporters.JUnitReportReporter -->
<testsuite hostname="sanjay" failures="0" tests="1" name="fernsNPetals.PositiveTCs.CalenderDate" time="22.810" errors="0" timestamp="17 Apr 2019 09:28:37 GMT" skipped="0">
  <testcase classname="fernsNPetals.PositiveTCs.CalenderDate" name="selectdate" time="22.810"/>
</testsuite> <!-- fernsNPetals.PositiveTCs.CalenderDate -->
