<?xml version="1.0" encoding="UTF-8"?>
<!-- Generated by org.testng.reporters.JUnitReportReporter -->
<testsuite hostname="sanjay" failures="0" tests="1" name="fernsNPetals.plants.Fnp_Plants_023" time="48.239" errors="0" timestamp="05 Jun 2019 10:26:50 GMT" skipped="0">
  <testcase classname="fernsNPetals.plants.Fnp_Plants_023" name="Fnp_Plants_023" time="48.239"/>
</testsuite> <!-- fernsNPetals.plants.Fnp_Plants_023 -->
