<?xml version="1.0" encoding="UTF-8"?>
<!-- Generated by org.testng.reporters.JUnitReportReporter -->
<testsuite hostname="sanjay" failures="0" tests="2" name="fernsNPetals.other.loggerTest" time="18.275" errors="0" timestamp="29 May 2019 21:24:57 GMT" skipped="0">
  <testcase classname="fernsNPetals.other.loggerTest" name="freeCrmTitleTest" time="7.307"/>
  <testcase classname="fernsNPetals.other.loggerTest" name="freemCRMLogoTest" time="10.968"/>
</testsuite> <!-- fernsNPetals.other.loggerTest -->
