<?xml version="1.0" encoding="UTF-8"?>
<!-- Generated by org.testng.reporters.JUnitReportReporter -->
<testsuite hostname="sanjay" failures="0" tests="1" name="fernsNPetals.Login_Page.FNP_Login_TC_006" time="29.144" errors="0" timestamp="07 May 2019 20:24:30 GMT" skipped="0">
  <testcase classname="fernsNPetals.Login_Page.FNP_Login_TC_006" name="FNP_Login_TC_006" time="29.144"/>
</testsuite> <!-- fernsNPetals.Login_Page.FNP_Login_TC_006 -->
