<?xml version="1.0" encoding="UTF-8"?>
<!-- Generated by org.testng.reporters.JUnitReportReporter -->
<testsuite hostname="sanjay" failures="0" tests="1" name="fernsNPetals.AllFiltersInCategoryPage.TC_04" time="54.109" errors="0" timestamp="02 May 2019 19:05:29 GMT" skipped="0">
  <testcase classname="fernsNPetals.AllFiltersInCategoryPage.TC_04" name="TC_04" time="54.109"/>
</testsuite> <!-- fernsNPetals.AllFiltersInCategoryPage.TC_04 -->
