<?xml version="1.0" encoding="UTF-8"?>
<!-- Generated by org.testng.reporters.JUnitReportReporter -->
<testsuite hostname="sanjay" failures="0" tests="1" name="fernsNPetals.plants.Fnp_Plants_035" time="55.423" errors="0" timestamp="06 Jun 2019 17:21:01 GMT" skipped="0">
  <testcase classname="fernsNPetals.plants.Fnp_Plants_035" name="Fnp_Plants_035" time="55.423"/>
</testsuite> <!-- fernsNPetals.plants.Fnp_Plants_035 -->
