<?xml version="1.0" encoding="UTF-8"?>
<!-- Generated by org.testng.reporters.JUnitReportReporter -->
<testsuite hostname="sanjay" failures="0" tests="1" name="fernsNPetals.plants.Fnp_Plants_005" time="16.697" errors="0" timestamp="04 Jun 2019 16:06:46 GMT" skipped="0">
  <testcase classname="fernsNPetals.plants.Fnp_Plants_005" name="Fnp_Plants_005" time="16.697"/>
</testsuite> <!-- fernsNPetals.plants.Fnp_Plants_005 -->
