<?xml version="1.0" encoding="UTF-8"?>
<!-- Generated by org.testng.reporters.JUnitReportReporter -->
<testsuite hostname="sanjay" failures="0" tests="1" name="fernsNPetals.Login_Page.FNP_Login_TC_007" time="14.975" errors="0" timestamp="07 May 2019 20:40:55 GMT" skipped="0">
  <testcase classname="fernsNPetals.Login_Page.FNP_Login_TC_007" name="FNP_Login_TC_007" time="14.975"/>
</testsuite> <!-- fernsNPetals.Login_Page.FNP_Login_TC_007 -->
