<?xml version="1.0" encoding="UTF-8"?>
<!-- Generated by org.testng.reporters.JUnitReportReporter -->
<testsuite hostname="sanjay" failures="0" tests="1" name="fernsNPetals.Currency.TC_03" time="27.865" errors="0" timestamp="03 May 2019 12:15:48 GMT" skipped="0">
  <testcase classname="fernsNPetals.Currency.TC_03" name="TC_03" time="27.865"/>
</testsuite> <!-- fernsNPetals.Currency.TC_03 -->
