<?xml version="1.0" encoding="UTF-8"?>
<!-- Generated by org.testng.reporters.JUnitReportReporter -->
<testsuite hostname="sanjay" failures="0" tests="1" name="fernsNPetals.plants.Fnp_Plants_029" time="46.399" errors="0" timestamp="05 Jun 2019 10:58:49 GMT" skipped="0">
  <testcase classname="fernsNPetals.plants.Fnp_Plants_029" name="Fnp_Plants_029" time="46.399"/>
</testsuite> <!-- fernsNPetals.plants.Fnp_Plants_029 -->
