<?xml version="1.0" encoding="UTF-8"?>
<!-- Generated by org.testng.reporters.JUnitReportReporter -->
<testsuite hostname="sanjay" failures="0" tests="1" name="fernsNPetals.plants.Fnp_Plants_007" time="27.282" errors="0" timestamp="04 Jun 2019 18:13:05 GMT" skipped="0">
  <testcase classname="fernsNPetals.plants.Fnp_Plants_007" name="Fnp_Plants_007" time="27.282"/>
</testsuite> <!-- fernsNPetals.plants.Fnp_Plants_007 -->
