<?xml version="1.0" encoding="UTF-8"?>
<!-- Generated by org.testng.reporters.JUnitReportReporter -->
<testsuite hostname="sanjay" failures="0" tests="1" name="fernsNPetals.plants.Fnp_Plants_010" time="20.716" errors="0" timestamp="04 Jun 2019 17:00:23 GMT" skipped="0">
  <testcase classname="fernsNPetals.plants.Fnp_Plants_010" name="Fnp_Plants_010" time="20.716"/>
</testsuite> <!-- fernsNPetals.plants.Fnp_Plants_010 -->
