<?xml version="1.0" encoding="UTF-8"?>
<!-- Generated by org.testng.reporters.JUnitReportReporter -->
<testsuite hostname="sanjay" failures="0" tests="1" name="fernsNPetals.plants.FNP_FNP_Application_002" time="10.342" errors="0" timestamp="29 Apr 2019 13:54:15 GMT" skipped="0">
  <testcase classname="fernsNPetals.plants.FNP_FNP_Application_002" name="validationHopePage" time="10.342"/>
</testsuite> <!-- fernsNPetals.plants.FNP_FNP_Application_002 -->
