<?xml version="1.0" encoding="UTF-8"?>
<!-- Generated by org.testng.reporters.JUnitReportReporter -->
<testsuite hostname="sanjay" failures="0" tests="1" name="fernsNPetals.Login_Page.FNP_Login_TC_009" time="26.071" errors="0" timestamp="08 May 2019 09:34:23 GMT" skipped="0">
  <testcase classname="fernsNPetals.Login_Page.FNP_Login_TC_009" name="FNP_Login_TC_009" time="26.071"/>
</testsuite> <!-- fernsNPetals.Login_Page.FNP_Login_TC_009 -->
