<?xml version="1.0" encoding="UTF-8"?>
<!-- Generated by org.testng.reporters.JUnitReportReporter -->
<testsuite hostname="sanjay" failures="0" tests="1" name="fernsNPetals.plants.Fnp_Plants_036" time="49.388" errors="0" timestamp="02 May 2019 10:33:15 GMT" skipped="0">
  <testcase classname="fernsNPetals.plants.Fnp_Plants_036" name="Fnp_Plants_036" time="49.388"/>
</testsuite> <!-- fernsNPetals.plants.Fnp_Plants_036 -->
