<?xml version="1.0" encoding="UTF-8"?>
<!-- Generated by org.testng.reporters.JUnitReportReporter -->
<testsuite hostname="sanjay" failures="0" tests="1" name="fernsNPetals.plants.Fnp_Plants_021" time="45.821" errors="0" timestamp="06 Jun 2019 18:47:37 GMT" skipped="0">
  <testcase classname="fernsNPetals.plants.Fnp_Plants_021" name="Fnp_Plants_021" time="45.821"/>
</testsuite> <!-- fernsNPetals.plants.Fnp_Plants_021 -->
