<?xml version="1.0" encoding="UTF-8"?>
<!-- Generated by org.testng.reporters.JUnitReportReporter -->
<testsuite hostname="sanjay" failures="0" tests="1" name="fernsNPetals.plants.Fnp_Plants_006" time="26.369" errors="0" timestamp="04 Jun 2019 16:14:34 GMT" skipped="0">
  <testcase classname="fernsNPetals.plants.Fnp_Plants_006" name="Fnp_Plants_006" time="26.369"/>
</testsuite> <!-- fernsNPetals.plants.Fnp_Plants_006 -->
