<?xml version="1.0" encoding="UTF-8"?>
<!-- Generated by org.testng.reporters.JUnitReportReporter -->
<testsuite hostname="sanjay" failures="0" tests="1" name="FernsNPetals.FernsNPetals.datadriven" time="7.385" errors="0" timestamp="5 Apr 2019 13:59:56 GMT">
  <testcase classname="FernsNPetals.FernsNPetals.datadriven" name="login" time="7.385"/>
</testsuite> <!-- FernsNPetals.FernsNPetals.datadriven -->
